Started GET "/" for 127.0.0.1 at 2023-06-08 21:50:03 -0500
  
ActiveRecord::NoDatabaseError (We could not find your database: rails_portfolio_page_development. Which can be found in the database configuration file located at config/database.yml.

To resolve this issue:

- Did you create the database for this app, or delete it? You may need to create your database.
- Has the database name changed? Check your database.yml config has the correct database name.

To create your database, run:

        bin/rails db:create
):
  
activerecord (7.0.5) lib/active_record/connection_adapters/postgresql_adapter.rb:81:in `rescue in new_client'
activerecord (7.0.5) lib/active_record/connection_adapters/postgresql_adapter.rb:77:in `new_client'
activerecord (7.0.5) lib/active_record/connection_adapters/postgresql_adapter.rb:37:in `postgresql_connection'
activerecord (7.0.5) lib/active_record/connection_adapters/abstract/connection_pool.rb:656:in `public_send'
activerecord (7.0.5) lib/active_record/connection_adapters/abstract/connection_pool.rb:656:in `new_connection'
activerecord (7.0.5) lib/active_record/connection_adapters/abstract/connection_pool.rb:700:in `checkout_new_connection'
activerecord (7.0.5) lib/active_record/connection_adapters/abstract/connection_pool.rb:679:in `try_to_checkout_new_connection'
activerecord (7.0.5) lib/active_record/connection_adapters/abstract/connection_pool.rb:640:in `acquire_connection'
activerecord (7.0.5) lib/active_record/connection_adapters/abstract/connection_pool.rb:341:in `checkout'
activerecord (7.0.5) lib/active_record/connection_adapters/abstract/connection_pool.rb:181:in `connection'
activerecord (7.0.5) lib/active_record/connection_adapters/abstract/connection_handler.rb:211:in `retrieve_connection'
activerecord (7.0.5) lib/active_record/connection_handling.rb:313:in `retrieve_connection'
activerecord (7.0.5) lib/active_record/connection_handling.rb:280:in `connection'
activerecord (7.0.5) lib/active_record/migration.rb:613:in `connection'
activerecord (7.0.5) lib/active_record/migration.rb:608:in `build_watcher'
activerecord (7.0.5) lib/active_record/migration.rb:590:in `block in call'
activerecord (7.0.5) lib/active_record/migration.rb:589:in `synchronize'
activerecord (7.0.5) lib/active_record/migration.rb:589:in `call'
actionpack (7.0.5) lib/action_dispatch/middleware/callbacks.rb:27:in `block in call'
activesupport (7.0.5) lib/active_support/callbacks.rb:99:in `run_callbacks'
actionpack (7.0.5) lib/action_dispatch/middleware/callbacks.rb:26:in `call'
actionpack (7.0.5) lib/action_dispatch/middleware/executor.rb:14:in `call'
actionpack (7.0.5) lib/action_dispatch/middleware/actionable_exceptions.rb:17:in `call'
actionpack (7.0.5) lib/action_dispatch/middleware/debug_exceptions.rb:28:in `call'
web-console (4.2.0) lib/web_console/middleware.rb:132:in `call_app'
web-console (4.2.0) lib/web_console/middleware.rb:28:in `block in call'
web-console (4.2.0) lib/web_console/middleware.rb:17:in `catch'
web-console (4.2.0) lib/web_console/middleware.rb:17:in `call'
actionpack (7.0.5) lib/action_dispatch/middleware/show_exceptions.rb:26:in `call'
railties (7.0.5) lib/rails/rack/logger.rb:40:in `call_app'
railties (7.0.5) lib/rails/rack/logger.rb:25:in `block in call'
activesupport (7.0.5) lib/active_support/tagged_logging.rb:99:in `block in tagged'
activesupport (7.0.5) lib/active_support/tagged_logging.rb:37:in `tagged'
activesupport (7.0.5) lib/active_support/tagged_logging.rb:99:in `tagged'
railties (7.0.5) lib/rails/rack/logger.rb:25:in `call'
sprockets-rails (3.4.2) lib/sprockets/rails/quiet_assets.rb:13:in `call'
actionpack (7.0.5) lib/action_dispatch/middleware/remote_ip.rb:93:in `call'
actionpack (7.0.5) lib/action_dispatch/middleware/request_id.rb:26:in `call'
rack (2.2.7) lib/rack/method_override.rb:24:in `call'
rack (2.2.7) lib/rack/runtime.rb:22:in `call'
activesupport (7.0.5) lib/active_support/cache/strategy/local_cache_middleware.rb:29:in `call'
actionpack (7.0.5) lib/action_dispatch/middleware/server_timing.rb:61:in `block in call'
actionpack (7.0.5) lib/action_dispatch/middleware/server_timing.rb:26:in `collect_events'
actionpack (7.0.5) lib/action_dispatch/middleware/server_timing.rb:60:in `call'
actionpack (7.0.5) lib/action_dispatch/middleware/executor.rb:14:in `call'
actionpack (7.0.5) lib/action_dispatch/middleware/static.rb:23:in `call'
rack (2.2.7) lib/rack/sendfile.rb:110:in `call'
actionpack (7.0.5) lib/action_dispatch/middleware/host_authorization.rb:137:in `call'
railties (7.0.5) lib/rails/engine.rb:530:in `call'
puma (5.6.5) lib/puma/configuration.rb:252:in `call'
puma (5.6.5) lib/puma/request.rb:77:in `block in handle_request'
puma (5.6.5) lib/puma/thread_pool.rb:340:in `with_force_shutdown'
puma (5.6.5) lib/puma/request.rb:76:in `handle_request'
puma (5.6.5) lib/puma/server.rb:443:in `process_client'
puma (5.6.5) lib/puma/thread_pool.rb:147:in `block in spawn_thread'
  [1m[35m (204.8ms)[0m  [1m[35mCREATE DATABASE "rails_portfolio_page_development" ENCODING = 'unicode'[0m
  [1m[35m (74.9ms)[0m  [1m[35mCREATE DATABASE "rails_portfolio_page_test" ENCODING = 'unicode'[0m
Started GET "/" for 127.0.0.1 at 2023-06-08 21:50:33 -0500
Processing by HomeController#index as HTML
  Rendering layout layouts/application.html.erb
  Rendering home/index.html.erb within layouts/application
  Rendered home/index.html.erb within layouts/application (Duration: 0.3ms | Allocations: 116)
  Rendered layout layouts/application.html.erb (Duration: 221.5ms | Allocations: 102948)
Completed 200 OK in 229ms (Views: 222.5ms | ActiveRecord: 0.0ms | Allocations: 106695)


Started GET "/" for 127.0.0.1 at 2023-06-08 21:51:12 -0500
Processing by HomeController#index as HTML
  Rendering layout layouts/application.html.erb
  Rendering home/index.html.erb within layouts/application
  Rendered home/index.html.erb within layouts/application (Duration: 0.0ms | Allocations: 7)
  Rendered layout layouts/application.html.erb (Duration: 181.7ms | Allocations: 35353)
Completed 200 OK in 183ms (Views: 182.4ms | ActiveRecord: 0.0ms | Allocations: 35584)


Started GET "/" for 127.0.0.1 at 2023-06-08 21:53:06 -0500
Processing by HomeController#index as HTML
  Rendering layout layouts/application.html.erb
  Rendering home/index.html.erb within layouts/application
  Rendered home/index.html.erb within layouts/application (Duration: 0.0ms | Allocations: 7)
  Rendered layout layouts/application.html.erb (Duration: 5.6ms | Allocations: 2576)
Completed 200 OK in 6ms (Views: 6.0ms | ActiveRecord: 0.0ms | Allocations: 2806)


Started GET "/" for 127.0.0.1 at 2023-06-08 21:53:08 -0500
Processing by HomeController#index as HTML
  Rendering layout layouts/application.html.erb
  Rendering home/index.html.erb within layouts/application
  Rendered home/index.html.erb within layouts/application (Duration: 0.0ms | Allocations: 7)
  Rendered layout layouts/application.html.erb (Duration: 3.3ms | Allocations: 2566)
Completed 200 OK in 4ms (Views: 3.9ms | ActiveRecord: 0.0ms | Allocations: 2797)


Started GET "/" for 127.0.0.1 at 2023-06-08 21:55:03 -0500
Processing by HomeController#index as HTML
  Rendering layout layouts/application.html.erb
  Rendering home/index.html.erb within layouts/application
  Rendered home/index.html.erb within layouts/application (Duration: 0.0ms | Allocations: 7)
  Rendered layout layouts/application.html.erb (Duration: 9.8ms | Allocations: 2571)
Completed 200 OK in 10ms (Views: 10.2ms | ActiveRecord: 0.0ms | Allocations: 2797)


Started GET "/" for 127.0.0.1 at 2023-06-08 21:55:04 -0500
Processing by HomeController#index as HTML
  Rendering layout layouts/application.html.erb
  Rendering home/index.html.erb within layouts/application
  Rendered home/index.html.erb within layouts/application (Duration: 0.0ms | Allocations: 7)
  Rendered layout layouts/application.html.erb (Duration: 3.2ms | Allocations: 2572)
Completed 200 OK in 4ms (Views: 3.8ms | ActiveRecord: 0.0ms | Allocations: 2798)


Started GET "/" for 127.0.0.1 at 2023-06-08 21:57:15 -0500
Processing by HomeController#index as HTML
  Rendering layout layouts/application.html.erb
  Rendering home/index.html.erb within layouts/application
  Rendered home/index.html.erb within layouts/application (Duration: 0.7ms | Allocations: 119)
  Rendered layout layouts/application.html.erb (Duration: 3.9ms | Allocations: 2913)
Completed 200 OK in 8ms (Views: 7.0ms | Allocations: 3865)


Started GET "/" for 127.0.0.1 at 2023-06-08 21:57:15 -0500
Processing by HomeController#index as HTML
  Rendering layout layouts/application.html.erb
  Rendering home/index.html.erb within layouts/application
  Rendered home/index.html.erb within layouts/application (Duration: 0.0ms | Allocations: 7)
  Rendered layout layouts/application.html.erb (Duration: 17.2ms | Allocations: 2560)
Completed 200 OK in 18ms (Views: 17.7ms | Allocations: 2787)


Started GET "/" for 127.0.0.1 at 2023-06-08 21:57:16 -0500
Processing by HomeController#index as HTML
  Rendering layout layouts/application.html.erb
  Rendering home/index.html.erb within layouts/application
  Rendered home/index.html.erb within layouts/application (Duration: 0.0ms | Allocations: 7)
  Rendered layout layouts/application.html.erb (Duration: 6.1ms | Allocations: 2568)
Completed 200 OK in 7ms (Views: 6.9ms | Allocations: 2794)


Started GET "/" for 127.0.0.1 at 2023-06-08 21:57:38 -0500
Processing by HomeController#index as HTML
  Rendering layout layouts/application.html.erb
  Rendering home/index.html.erb within layouts/application
  Rendered home/index.html.erb within layouts/application (Duration: 0.5ms | Allocations: 114)
  Rendered layouts/_navbar.html.erb (Duration: 0.7ms | Allocations: 175)
  Rendered layout layouts/application.html.erb (Duration: 6.7ms | Allocations: 3215)
Completed 200 OK in 9ms (Views: 8.2ms | Allocations: 4163)


Started GET "/" for 127.0.0.1 at 2023-06-08 22:01:11 -0500
Processing by HomeController#index as HTML
  Rendering layout layouts/application.html.erb
  Rendering home/index.html.erb within layouts/application
  Rendered home/index.html.erb within layouts/application (Duration: 0.5ms | Allocations: 114)
  Rendered layouts/_navbar.html.erb (Duration: 0.5ms | Allocations: 173)
  Rendered layouts/_footer.html.erb (Duration: 0.5ms | Allocations: 136)
  Rendered layout layouts/application.html.erb (Duration: 7.3ms | Allocations: 3486)
Completed 200 OK in 9ms (Views: 8.9ms | Allocations: 4434)


Started GET "/" for 127.0.0.1 at 2023-06-08 22:01:13 -0500
Processing by HomeController#index as HTML
  Rendering layout layouts/application.html.erb
  Rendering home/index.html.erb within layouts/application
  Rendered home/index.html.erb within layouts/application (Duration: 0.0ms | Allocations: 7)
  Rendered layouts/_navbar.html.erb (Duration: 0.0ms | Allocations: 9)
  Rendered layouts/_footer.html.erb (Duration: 0.0ms | Allocations: 8)
  Rendered layout layouts/application.html.erb (Duration: 7.4ms | Allocations: 2688)
Completed 200 OK in 8ms (Views: 7.8ms | Allocations: 2915)


Started GET "/" for 127.0.0.1 at 2023-06-08 22:02:22 -0500
Processing by HomeController#index as HTML
  Rendering layout layouts/application.html.erb
  Rendering home/index.html.erb within layouts/application
  Rendered home/index.html.erb within layouts/application (Duration: 0.0ms | Allocations: 7)
  Rendered layouts/_navbar.html.erb (Duration: 0.0ms | Allocations: 9)
  Rendered layouts/_footer.html.erb (Duration: 0.0ms | Allocations: 8)
  Rendered layout layouts/application.html.erb (Duration: 5.7ms | Allocations: 2679)
Completed 200 OK in 6ms (Views: 6.2ms | Allocations: 2905)


Started GET "/" for 127.0.0.1 at 2023-06-08 22:02:23 -0500
Processing by HomeController#index as HTML
  Rendering layout layouts/application.html.erb
  Rendering home/index.html.erb within layouts/application
  Rendered home/index.html.erb within layouts/application (Duration: 0.1ms | Allocations: 7)
  Rendered layouts/_navbar.html.erb (Duration: 0.0ms | Allocations: 9)
  Rendered layouts/_footer.html.erb (Duration: 0.0ms | Allocations: 8)
  Rendered layout layouts/application.html.erb (Duration: 4.1ms | Allocations: 2685)
Completed 200 OK in 5ms (Views: 4.6ms | Allocations: 2911)


Started GET "/" for 127.0.0.1 at 2023-06-08 22:02:24 -0500
Processing by HomeController#index as HTML
  Rendering layout layouts/application.html.erb
  Rendering home/index.html.erb within layouts/application
  Rendered home/index.html.erb within layouts/application (Duration: 0.0ms | Allocations: 7)
  Rendered layouts/_navbar.html.erb (Duration: 0.0ms | Allocations: 9)
  Rendered layouts/_footer.html.erb (Duration: 0.0ms | Allocations: 8)
  Rendered layout layouts/application.html.erb (Duration: 2.8ms | Allocations: 2685)
Completed 200 OK in 4ms (Views: 3.3ms | Allocations: 2911)


Started GET "/" for 127.0.0.1 at 2023-06-08 22:02:24 -0500
Processing by HomeController#index as HTML
  Rendering layout layouts/application.html.erb
  Rendering home/index.html.erb within layouts/application
  Rendered home/index.html.erb within layouts/application (Duration: 0.0ms | Allocations: 7)
  Rendered layouts/_navbar.html.erb (Duration: 0.0ms | Allocations: 9)
  Rendered layouts/_footer.html.erb (Duration: 0.0ms | Allocations: 8)
  Rendered layout layouts/application.html.erb (Duration: 6.0ms | Allocations: 2687)
Completed 200 OK in 7ms (Views: 6.6ms | Allocations: 2913)


Started GET "/" for 127.0.0.1 at 2023-06-08 22:02:42 -0500
Processing by HomeController#index as HTML
  Rendering layout layouts/application.html.erb
  Rendering home/index.html.erb within layouts/application
  Rendered home/index.html.erb within layouts/application (Duration: 0.4ms | Allocations: 114)
  Rendered layouts/_navbar.html.erb (Duration: 0.2ms | Allocations: 173)
  Rendered layouts/_footer.html.erb (Duration: 0.4ms | Allocations: 131)
  Rendered layout layouts/application.html.erb (Duration: 5.0ms | Allocations: 3479)
Completed 200 OK in 7ms (Views: 6.4ms | Allocations: 4427)


Started GET "/" for 127.0.0.1 at 2023-06-08 22:02:42 -0500
Processing by HomeController#index as HTML
  Rendering layout layouts/application.html.erb
  Rendering home/index.html.erb within layouts/application
  Rendered home/index.html.erb within layouts/application (Duration: 0.1ms | Allocations: 7)
  Rendered layouts/_navbar.html.erb (Duration: 0.0ms | Allocations: 9)
  Rendered layouts/_footer.html.erb (Duration: 0.0ms | Allocations: 8)
  Rendered layout layouts/application.html.erb (Duration: 5.4ms | Allocations: 2677)
Completed 200 OK in 6ms (Views: 5.9ms | Allocations: 2904)


Started GET "/" for 127.0.0.1 at 2023-06-08 22:02:43 -0500
Processing by HomeController#index as HTML
  Rendering layout layouts/application.html.erb
  Rendering home/index.html.erb within layouts/application
  Rendered home/index.html.erb within layouts/application (Duration: 0.0ms | Allocations: 7)
  Rendered layouts/_navbar.html.erb (Duration: 0.0ms | Allocations: 9)
  Rendered layouts/_footer.html.erb (Duration: 0.0ms | Allocations: 8)
  Rendered layout layouts/application.html.erb (Duration: 7.5ms | Allocations: 2686)
Completed 200 OK in 9ms (Views: 8.1ms | Allocations: 2912)


Started GET "/" for 127.0.0.1 at 2023-06-08 22:02:57 -0500
Processing by HomeController#index as HTML
  Rendering layout layouts/application.html.erb
  Rendering home/index.html.erb within layouts/application
  Rendered home/index.html.erb within layouts/application (Duration: 0.0ms | Allocations: 7)
  Rendered layouts/_navbar.html.erb (Duration: 0.0ms | Allocations: 9)
  Rendered layouts/_footer.html.erb (Duration: 0.0ms | Allocations: 8)
  Rendered layout layouts/application.html.erb (Duration: 6.2ms | Allocations: 2699)
Completed 200 OK in 7ms (Views: 6.7ms | Allocations: 2926)


Started GET "/" for 127.0.0.1 at 2023-06-08 22:02:58 -0500
Processing by HomeController#index as HTML
  Rendering layout layouts/application.html.erb
  Rendering home/index.html.erb within layouts/application
  Rendered home/index.html.erb within layouts/application (Duration: 0.0ms | Allocations: 7)
  Rendered layouts/_navbar.html.erb (Duration: 0.0ms | Allocations: 9)
  Rendered layouts/_footer.html.erb (Duration: 0.0ms | Allocations: 8)
  Rendered layout layouts/application.html.erb (Duration: 6.9ms | Allocations: 2686)
Completed 200 OK in 7ms (Views: 7.2ms | Allocations: 2912)


Started GET "/" for 127.0.0.1 at 2023-06-08 22:04:21 -0500
Processing by HomeController#index as HTML
  Rendering layout layouts/application.html.erb
  Rendering home/index.html.erb within layouts/application
  Rendered home/index.html.erb within layouts/application (Duration: 0.3ms | Allocations: 7)
  Rendered layouts/_navbar.html.erb (Duration: 0.0ms | Allocations: 9)
  Rendered layouts/_footer.html.erb (Duration: 0.0ms | Allocations: 8)
  Rendered layout layouts/application.html.erb (Duration: 5.2ms | Allocations: 2688)
Completed 200 OK in 7ms (Views: 5.7ms | Allocations: 2914)


Started GET "/" for 127.0.0.1 at 2023-06-08 22:04:22 -0500
Processing by HomeController#index as HTML
  Rendering layout layouts/application.html.erb
  Rendering home/index.html.erb within layouts/application
  Rendered home/index.html.erb within layouts/application (Duration: 0.0ms | Allocations: 7)
  Rendered layouts/_navbar.html.erb (Duration: 0.0ms | Allocations: 9)
  Rendered layouts/_footer.html.erb (Duration: 0.0ms | Allocations: 8)
  Rendered layout layouts/application.html.erb (Duration: 5.4ms | Allocations: 2690)
Completed 200 OK in 7ms (Views: 6.7ms | Allocations: 2916)


Started GET "/" for 127.0.0.1 at 2023-06-08 22:12:52 -0500
Processing by HomeController#index as HTML
  Rendering layout layouts/application.html.erb
  Rendering home/index.html.erb within layouts/application
  Rendered home/index.html.erb within layouts/application (Duration: 0.0ms | Allocations: 7)
  Rendered layouts/_navbar.html.erb (Duration: 0.0ms | Allocations: 9)
  Rendered layouts/_footer.html.erb (Duration: 0.0ms | Allocations: 8)
  Rendered layout layouts/application.html.erb (Duration: 8.2ms | Allocations: 2676)
Completed 200 OK in 9ms (Views: 8.6ms | Allocations: 2902)


Started GET "/" for 127.0.0.1 at 2023-06-08 22:12:53 -0500
Processing by HomeController#index as HTML
  Rendering layout layouts/application.html.erb
  Rendering home/index.html.erb within layouts/application
  Rendered home/index.html.erb within layouts/application (Duration: 0.0ms | Allocations: 7)
  Rendered layouts/_navbar.html.erb (Duration: 0.6ms | Allocations: 9)
  Rendered layouts/_footer.html.erb (Duration: 0.0ms | Allocations: 8)
  Rendered layout layouts/application.html.erb (Duration: 10.7ms | Allocations: 2684)
Completed 200 OK in 11ms (Views: 11.2ms | Allocations: 2910)


Started GET "/about" for 127.0.0.1 at 2023-06-08 22:12:54 -0500
  
ActionController::RoutingError (No route matches [GET] "/about"):
  
Started GET "/" for 127.0.0.1 at 2023-06-08 22:13:36 -0500
Processing by HomeController#index as HTML
  Rendering layout layouts/application.html.erb
  Rendering home/index.html.erb within layouts/application
  Rendered home/index.html.erb within layouts/application (Duration: 0.0ms | Allocations: 7)
  Rendered layouts/_navbar.html.erb (Duration: 0.0ms | Allocations: 9)
  Rendered layouts/_footer.html.erb (Duration: 0.0ms | Allocations: 8)
  Rendered layout layouts/application.html.erb (Duration: 5.4ms | Allocations: 2686)
Completed 200 OK in 7ms (Views: 7.1ms | Allocations: 2912)


Started GET "/" for 127.0.0.1 at 2023-06-08 22:13:37 -0500
Processing by HomeController#index as HTML
  Rendering layout layouts/application.html.erb
  Rendering home/index.html.erb within layouts/application
  Rendered home/index.html.erb within layouts/application (Duration: 0.0ms | Allocations: 7)
  Rendered layouts/_navbar.html.erb (Duration: 0.0ms | Allocations: 9)
  Rendered layouts/_footer.html.erb (Duration: 0.0ms | Allocations: 8)
  Rendered layout layouts/application.html.erb (Duration: 6.8ms | Allocations: 2684)
Completed 200 OK in 8ms (Views: 7.5ms | Allocations: 2910)


Started GET "/" for 127.0.0.1 at 2023-06-08 22:13:52 -0500
Processing by HomeController#index as HTML
  Rendering layout layouts/application.html.erb
  Rendering home/index.html.erb within layouts/application
  Rendered home/index.html.erb within layouts/application (Duration: 0.0ms | Allocations: 7)
  Rendered layouts/_navbar.html.erb (Duration: 0.0ms | Allocations: 9)
  Rendered layouts/_footer.html.erb (Duration: 0.0ms | Allocations: 8)
  Rendered layout layouts/application.html.erb (Duration: 191.2ms | Allocations: 35036)
Completed 200 OK in 196ms (Views: 195.6ms | Allocations: 35262)


Started GET "/" for 127.0.0.1 at 2023-06-08 22:13:54 -0500
Processing by HomeController#index as HTML
  Rendering layout layouts/application.html.erb
  Rendering home/index.html.erb within layouts/application
  Rendered home/index.html.erb within layouts/application (Duration: 0.0ms | Allocations: 7)
  Rendered layouts/_navbar.html.erb (Duration: 0.0ms | Allocations: 9)
  Rendered layouts/_footer.html.erb (Duration: 0.0ms | Allocations: 8)
  Rendered layout layouts/application.html.erb (Duration: 4.7ms | Allocations: 2683)
Completed 200 OK in 7ms (Views: 6.2ms | Allocations: 2910)


Started GET "/" for 127.0.0.1 at 2023-06-08 22:14:05 -0500
Processing by HomeController#index as HTML
  Rendering layout layouts/application.html.erb
  Rendering home/index.html.erb within layouts/application
  Rendered home/index.html.erb within layouts/application (Duration: 1.0ms | Allocations: 118)
  Rendered layouts/_navbar.html.erb (Duration: 0.3ms | Allocations: 173)
  Rendered layouts/_footer.html.erb (Duration: 0.2ms | Allocations: 131)
  Rendered layout layouts/application.html.erb (Duration: 8.2ms | Allocations: 3474)
Completed 200 OK in 12ms (Views: 10.9ms | Allocations: 4425)


Started GET "/" for 127.0.0.1 at 2023-06-08 22:30:47 -0500
Processing by HomeController#index as HTML
  Rendering layout layouts/application.html.erb
  Rendering home/index.html.erb within layouts/application
  Rendered home/index.html.erb within layouts/application (Duration: 0.0ms | Allocations: 7)
  Rendered layouts/_navbar.html.erb (Duration: 0.0ms | Allocations: 9)
  Rendered layouts/_footer.html.erb (Duration: 0.0ms | Allocations: 8)
  Rendered layout layouts/application.html.erb (Duration: 2.8ms | Allocations: 2692)
Completed 200 OK in 3ms (Views: 3.0ms | Allocations: 2919)


Started GET "/" for 127.0.0.1 at 2023-06-08 22:32:33 -0500
Processing by HomeController#index as HTML
  Rendering layout layouts/application.html.erb
  Rendering home/index.html.erb within layouts/application
  Rendered home/index.html.erb within layouts/application (Duration: 0.4ms | Allocations: 121)
  Rendered layouts/_navbar.html.erb (Duration: 0.3ms | Allocations: 174)
  Rendered layouts/_footer.html.erb (Duration: 0.2ms | Allocations: 131)
  Rendered layout layouts/application.html.erb (Duration: 167.7ms | Allocations: 35416)
Completed 200 OK in 171ms (Views: 169.7ms | Allocations: 36366)


Started GET "/" for 127.0.0.1 at 2023-06-08 22:32:34 -0500
Processing by HomeController#index as HTML
  Rendering layout layouts/application.html.erb
  Rendering home/index.html.erb within layouts/application
  Rendered home/index.html.erb within layouts/application (Duration: 0.0ms | Allocations: 7)
  Rendered layouts/_navbar.html.erb (Duration: 0.0ms | Allocations: 9)
  Rendered layouts/_footer.html.erb (Duration: 0.0ms | Allocations: 8)
  Rendered layout layouts/application.html.erb (Duration: 2.2ms | Allocations: 2682)
Completed 200 OK in 3ms (Views: 2.4ms | Allocations: 2909)


Started GET "/" for 127.0.0.1 at 2023-06-08 22:32:35 -0500
Processing by HomeController#index as HTML
  Rendering layout layouts/application.html.erb
  Rendering home/index.html.erb within layouts/application
  Rendered home/index.html.erb within layouts/application (Duration: 0.0ms | Allocations: 7)
  Rendered layouts/_navbar.html.erb (Duration: 0.0ms | Allocations: 9)
  Rendered layouts/_footer.html.erb (Duration: 0.0ms | Allocations: 8)
  Rendered layout layouts/application.html.erb (Duration: 10.1ms | Allocations: 2689)
Completed 200 OK in 11ms (Views: 10.5ms | Allocations: 2915)


Started GET "/" for 127.0.0.1 at 2023-06-08 22:32:35 -0500
Processing by HomeController#index as HTML
  Rendering layout layouts/application.html.erb
  Rendering home/index.html.erb within layouts/application
  Rendered home/index.html.erb within layouts/application (Duration: 0.0ms | Allocations: 7)
  Rendered layouts/_navbar.html.erb (Duration: 0.0ms | Allocations: 9)
  Rendered layouts/_footer.html.erb (Duration: 0.0ms | Allocations: 8)
  Rendered layout layouts/application.html.erb (Duration: 8.3ms | Allocations: 2675)
Completed 200 OK in 9ms (Views: 8.8ms | Allocations: 2901)


Started GET "/" for 127.0.0.1 at 2023-06-08 22:32:35 -0500
Processing by HomeController#index as HTML
  Rendering layout layouts/application.html.erb
  Rendering home/index.html.erb within layouts/application
  Rendered home/index.html.erb within layouts/application (Duration: 0.0ms | Allocations: 7)
  Rendered layouts/_navbar.html.erb (Duration: 0.0ms | Allocations: 9)
  Rendered layouts/_footer.html.erb (Duration: 0.0ms | Allocations: 8)
  Rendered layout layouts/application.html.erb (Duration: 3.8ms | Allocations: 2693)
Completed 200 OK in 4ms (Views: 4.2ms | Allocations: 2919)


Started GET "/" for 127.0.0.1 at 2023-06-08 22:41:20 -0500
Processing by HomeController#index as HTML
  Rendering layout layouts/application.html.erb
  Rendering home/index.html.erb within layouts/application
  Rendered home/index.html.erb within layouts/application (Duration: 1.3ms | Allocations: 118)
  Rendered layouts/_navbar.html.erb (Duration: 0.2ms | Allocations: 173)
  Rendered layouts/_footer.html.erb (Duration: 0.1ms | Allocations: 131)
  Rendered layout layouts/application.html.erb (Duration: 5.7ms | Allocations: 3476)
Completed 200 OK in 11ms (Views: 9.8ms | Allocations: 4427)


Started GET "/" for 127.0.0.1 at 2023-06-08 22:46:36 -0500
Processing by HomeController#index as HTML
  Rendering layout layouts/application.html.erb
  Rendering home/index.html.erb within layouts/application
  Rendered home/index.html.erb within layouts/application (Duration: 0.3ms | Allocations: 117)
  Rendered layouts/_navbar.html.erb (Duration: 0.3ms | Allocations: 189)
  Rendered layouts/_footer.html.erb (Duration: 0.6ms | Allocations: 131)
  Rendered layout layouts/application.html.erb (Duration: 6.2ms | Allocations: 3533)
Completed 200 OK in 8ms (Views: 7.1ms | Allocations: 4491)


Started GET "/" for 127.0.0.1 at 2023-06-08 22:46:37 -0500
Processing by HomeController#index as HTML
  Rendering layout layouts/application.html.erb
  Rendering home/index.html.erb within layouts/application
  Rendered home/index.html.erb within layouts/application (Duration: 0.0ms | Allocations: 7)
  Rendered layouts/_navbar.html.erb (Duration: 0.0ms | Allocations: 9)
  Rendered layouts/_footer.html.erb (Duration: 0.0ms | Allocations: 8)
  Rendered layout layouts/application.html.erb (Duration: 3.0ms | Allocations: 2692)
Completed 200 OK in 3ms (Views: 3.3ms | Allocations: 2919)


Started GET "/hero/index" for 127.0.0.1 at 2023-06-08 22:46:38 -0500
Processing by HeroController#index as HTML
  Rendering layout layouts/application.html.erb
  Rendering hero/index.html.erb within layouts/application
  Rendered hero/index.html.erb within layouts/application (Duration: 0.8ms | Allocations: 111)
  Rendered layouts/_navbar.html.erb (Duration: 0.0ms | Allocations: 9)
  Rendered layouts/_footer.html.erb (Duration: 0.0ms | Allocations: 8)
  Rendered layout layouts/application.html.erb (Duration: 11.8ms | Allocations: 2783)
Completed 200 OK in 17ms (Views: 14.4ms | Allocations: 3494)


Started GET "/projects/index" for 127.0.0.1 at 2023-06-08 22:46:39 -0500
Processing by ProjectsController#index as HTML
  Rendering layout layouts/application.html.erb
  Rendering projects/index.html.erb within layouts/application
  Rendered projects/index.html.erb within layouts/application (Duration: 0.4ms | Allocations: 115)
  Rendered layouts/_navbar.html.erb (Duration: 0.0ms | Allocations: 9)
  Rendered layouts/_footer.html.erb (Duration: 0.0ms | Allocations: 8)
  Rendered layout layouts/application.html.erb (Duration: 3.2ms | Allocations: 2802)
Completed 200 OK in 7ms (Views: 4.5ms | Allocations: 3513)


Started GET "/hero/index" for 127.0.0.1 at 2023-06-08 22:46:41 -0500
Processing by HeroController#index as HTML
  Rendering layout layouts/application.html.erb
  Rendering hero/index.html.erb within layouts/application
  Rendered hero/index.html.erb within layouts/application (Duration: 0.1ms | Allocations: 7)
  Rendered layouts/_navbar.html.erb (Duration: 0.0ms | Allocations: 9)
  Rendered layouts/_footer.html.erb (Duration: 0.0ms | Allocations: 8)
  Rendered layout layouts/application.html.erb (Duration: 5.7ms | Allocations: 2689)
Completed 200 OK in 7ms (Views: 6.8ms | Allocations: 2916)


Started GET "/about/index" for 127.0.0.1 at 2023-06-08 22:46:42 -0500
Processing by AboutController#index as HTML
  Rendering layout layouts/application.html.erb
  Rendering about/index.html.erb within layouts/application
  Rendered about/index.html.erb within layouts/application (Duration: 0.5ms | Allocations: 115)
  Rendered layouts/_navbar.html.erb (Duration: 0.0ms | Allocations: 9)
  Rendered layouts/_footer.html.erb (Duration: 0.0ms | Allocations: 8)
  Rendered layout layouts/application.html.erb (Duration: 3.5ms | Allocations: 2788)
Completed 200 OK in 7ms (Views: 5.8ms | Allocations: 3499)


Started GET "/" for 127.0.0.1 at 2023-06-08 22:46:43 -0500
Processing by HomeController#index as HTML
  Rendering layout layouts/application.html.erb
  Rendering home/index.html.erb within layouts/application
  Rendered home/index.html.erb within layouts/application (Duration: 0.0ms | Allocations: 7)
  Rendered layouts/_navbar.html.erb (Duration: 0.0ms | Allocations: 9)
  Rendered layouts/_footer.html.erb (Duration: 0.0ms | Allocations: 8)
  Rendered layout layouts/application.html.erb (Duration: 3.0ms | Allocations: 2686)
Completed 200 OK in 3ms (Views: 3.3ms | Allocations: 2913)


Started GET "/about/index" for 127.0.0.1 at 2023-06-08 22:46:44 -0500
Processing by AboutController#index as HTML
  Rendering layout layouts/application.html.erb
  Rendering about/index.html.erb within layouts/application
  Rendered about/index.html.erb within layouts/application (Duration: 0.0ms | Allocations: 7)
  Rendered layouts/_navbar.html.erb (Duration: 0.0ms | Allocations: 9)
  Rendered layouts/_footer.html.erb (Duration: 0.0ms | Allocations: 8)
  Rendered layout layouts/application.html.erb (Duration: 10.0ms | Allocations: 2691)
Completed 200 OK in 11ms (Views: 10.5ms | Allocations: 2918)


Started GET "/hero/index" for 127.0.0.1 at 2023-06-08 22:46:45 -0500
Processing by HeroController#index as HTML
  Rendering layout layouts/application.html.erb
  Rendering hero/index.html.erb within layouts/application
  Rendered hero/index.html.erb within layouts/application (Duration: 0.0ms | Allocations: 7)
  Rendered layouts/_navbar.html.erb (Duration: 0.0ms | Allocations: 9)
  Rendered layouts/_footer.html.erb (Duration: 0.0ms | Allocations: 8)
  Rendered layout layouts/application.html.erb (Duration: 6.6ms | Allocations: 2697)
Completed 200 OK in 7ms (Views: 7.1ms | Allocations: 2924)


Started GET "/projects/index" for 127.0.0.1 at 2023-06-08 22:46:45 -0500
Processing by ProjectsController#index as HTML
  Rendering layout layouts/application.html.erb
  Rendering projects/index.html.erb within layouts/application
  Rendered projects/index.html.erb within layouts/application (Duration: 0.0ms | Allocations: 7)
  Rendered layouts/_navbar.html.erb (Duration: 0.0ms | Allocations: 9)
  Rendered layouts/_footer.html.erb (Duration: 0.0ms | Allocations: 8)
  Rendered layout layouts/application.html.erb (Duration: 3.0ms | Allocations: 2684)
Completed 200 OK in 4ms (Views: 3.4ms | Allocations: 2911)


Started GET "/contact/index" for 127.0.0.1 at 2023-06-08 22:46:46 -0500
Processing by ContactController#index as HTML
  Rendering layout layouts/application.html.erb
  Rendering contact/index.html.erb within layouts/application
  Rendered contact/index.html.erb within layouts/application (Duration: 2.7ms | Allocations: 115)
  Rendered layouts/_navbar.html.erb (Duration: 0.0ms | Allocations: 9)
  Rendered layouts/_footer.html.erb (Duration: 0.0ms | Allocations: 8)
  Rendered layout layouts/application.html.erb (Duration: 7.1ms | Allocations: 2794)
Completed 200 OK in 13ms (Views: 12.1ms | Allocations: 3505)


Started GET "/hero/index" for 127.0.0.1 at 2023-06-08 22:46:46 -0500
Processing by HeroController#index as HTML
  Rendering layout layouts/application.html.erb
  Rendering hero/index.html.erb within layouts/application
  Rendered hero/index.html.erb within layouts/application (Duration: 0.0ms | Allocations: 7)
  Rendered layouts/_navbar.html.erb (Duration: 0.0ms | Allocations: 9)
  Rendered layouts/_footer.html.erb (Duration: 0.0ms | Allocations: 8)
  Rendered layout layouts/application.html.erb (Duration: 5.6ms | Allocations: 2687)
Completed 200 OK in 7ms (Views: 6.5ms | Allocations: 2914)


Started GET "/about/index" for 127.0.0.1 at 2023-06-08 22:46:47 -0500
Processing by AboutController#index as HTML
  Rendering layout layouts/application.html.erb
  Rendering about/index.html.erb within layouts/application
  Rendered about/index.html.erb within layouts/application (Duration: 0.0ms | Allocations: 7)
  Rendered layouts/_navbar.html.erb (Duration: 0.0ms | Allocations: 9)
  Rendered layouts/_footer.html.erb (Duration: 0.0ms | Allocations: 8)
  Rendered layout layouts/application.html.erb (Duration: 4.3ms | Allocations: 2686)
Completed 200 OK in 5ms (Views: 4.8ms | Allocations: 2913)


Started GET "/" for 127.0.0.1 at 2023-06-08 22:46:47 -0500
Processing by HomeController#index as HTML
  Rendering layout layouts/application.html.erb
  Rendering home/index.html.erb within layouts/application
  Rendered home/index.html.erb within layouts/application (Duration: 0.0ms | Allocations: 7)
  Rendered layouts/_navbar.html.erb (Duration: 0.0ms | Allocations: 9)
  Rendered layouts/_footer.html.erb (Duration: 0.0ms | Allocations: 8)
  Rendered layout layouts/application.html.erb (Duration: 6.5ms | Allocations: 2694)
Completed 200 OK in 7ms (Views: 6.7ms | Allocations: 2921)


Started GET "/about/index" for 127.0.0.1 at 2023-06-08 22:46:49 -0500
Processing by AboutController#index as HTML
  Rendering layout layouts/application.html.erb
  Rendering about/index.html.erb within layouts/application
  Rendered about/index.html.erb within layouts/application (Duration: 0.0ms | Allocations: 7)
  Rendered layouts/_navbar.html.erb (Duration: 0.0ms | Allocations: 9)
  Rendered layouts/_footer.html.erb (Duration: 0.0ms | Allocations: 8)
  Rendered layout layouts/application.html.erb (Duration: 8.6ms | Allocations: 2681)
Completed 200 OK in 9ms (Views: 9.0ms | Allocations: 2907)


Started GET "/" for 127.0.0.1 at 2023-06-08 22:46:51 -0500
Processing by HomeController#index as HTML
  Rendering layout layouts/application.html.erb
  Rendering home/index.html.erb within layouts/application
  Rendered home/index.html.erb within layouts/application (Duration: 0.0ms | Allocations: 7)
  Rendered layouts/_navbar.html.erb (Duration: 0.0ms | Allocations: 9)
  Rendered layouts/_footer.html.erb (Duration: 0.0ms | Allocations: 8)
  Rendered layout layouts/application.html.erb (Duration: 4.6ms | Allocations: 2689)
Completed 200 OK in 6ms (Views: 5.4ms | Allocations: 2915)


Started GET "/about/index" for 127.0.0.1 at 2023-06-08 22:47:04 -0500
Processing by AboutController#index as HTML
  Rendering layout layouts/application.html.erb
  Rendering about/index.html.erb within layouts/application
  Rendered about/index.html.erb within layouts/application (Duration: 0.0ms | Allocations: 7)
  Rendered layouts/_navbar.html.erb (Duration: 0.0ms | Allocations: 9)
  Rendered layouts/_footer.html.erb (Duration: 0.0ms | Allocations: 8)
  Rendered layout layouts/application.html.erb (Duration: 4.4ms | Allocations: 2679)
Completed 200 OK in 5ms (Views: 4.8ms | Allocations: 2905)


Started GET "/hero/index" for 127.0.0.1 at 2023-06-08 22:47:05 -0500
Processing by HeroController#index as HTML
  Rendering layout layouts/application.html.erb
  Rendering hero/index.html.erb within layouts/application
  Rendered hero/index.html.erb within layouts/application (Duration: 0.0ms | Allocations: 7)
  Rendered layouts/_navbar.html.erb (Duration: 0.0ms | Allocations: 9)
  Rendered layouts/_footer.html.erb (Duration: 0.0ms | Allocations: 8)
  Rendered layout layouts/application.html.erb (Duration: 6.3ms | Allocations: 2686)
Completed 200 OK in 7ms (Views: 6.9ms | Allocations: 2912)


Started GET "/projects/index" for 127.0.0.1 at 2023-06-08 22:47:06 -0500
Processing by ProjectsController#index as HTML
  Rendering layout layouts/application.html.erb
  Rendering projects/index.html.erb within layouts/application
  Rendered projects/index.html.erb within layouts/application (Duration: 0.0ms | Allocations: 7)
  Rendered layouts/_navbar.html.erb (Duration: 0.0ms | Allocations: 9)
  Rendered layouts/_footer.html.erb (Duration: 0.0ms | Allocations: 8)
  Rendered layout layouts/application.html.erb (Duration: 2.3ms | Allocations: 2684)
Completed 200 OK in 3ms (Views: 2.5ms | Allocations: 2911)


Started GET "/" for 127.0.0.1 at 2023-06-08 22:47:07 -0500
Processing by HomeController#index as HTML
  Rendering layout layouts/application.html.erb
  Rendering home/index.html.erb within layouts/application
  Rendered home/index.html.erb within layouts/application (Duration: 0.0ms | Allocations: 7)
  Rendered layouts/_navbar.html.erb (Duration: 0.0ms | Allocations: 9)
  Rendered layouts/_footer.html.erb (Duration: 0.0ms | Allocations: 8)
  Rendered layout layouts/application.html.erb (Duration: 6.6ms | Allocations: 2681)
Completed 200 OK in 7ms (Views: 7.0ms | Allocations: 2907)


Started GET "/about/index" for 127.0.0.1 at 2023-06-08 22:47:52 -0500
Processing by AboutController#index as HTML
  Rendering layout layouts/application.html.erb
  Rendering about/index.html.erb within layouts/application
  Rendered about/index.html.erb within layouts/application (Duration: 0.0ms | Allocations: 7)
  Rendered layouts/_navbar.html.erb (Duration: 0.0ms | Allocations: 9)
  Rendered layouts/_footer.html.erb (Duration: 0.0ms | Allocations: 8)
  Rendered layout layouts/application.html.erb (Duration: 6.2ms | Allocations: 2675)
Completed 200 OK in 7ms (Views: 6.7ms | Allocations: 2901)


Started GET "/" for 127.0.0.1 at 2023-06-08 22:47:53 -0500
Processing by HomeController#index as HTML
  Rendering layout layouts/application.html.erb
  Rendering home/index.html.erb within layouts/application
  Rendered home/index.html.erb within layouts/application (Duration: 0.0ms | Allocations: 7)
  Rendered layouts/_navbar.html.erb (Duration: 0.0ms | Allocations: 9)
  Rendered layouts/_footer.html.erb (Duration: 0.0ms | Allocations: 8)
  Rendered layout layouts/application.html.erb (Duration: 5.7ms | Allocations: 2685)
Completed 200 OK in 7ms (Views: 6.7ms | Allocations: 2911)


Started GET "/hero/index" for 127.0.0.1 at 2023-06-08 22:47:54 -0500
Processing by HeroController#index as HTML
  Rendering layout layouts/application.html.erb
  Rendering hero/index.html.erb within layouts/application
  Rendered hero/index.html.erb within layouts/application (Duration: 0.1ms | Allocations: 7)
  Rendered layouts/_navbar.html.erb (Duration: 0.0ms | Allocations: 9)
  Rendered layouts/_footer.html.erb (Duration: 1.5ms | Allocations: 8)
  Rendered layout layouts/application.html.erb (Duration: 8.3ms | Allocations: 2700)
Completed 200 OK in 10ms (Views: 8.9ms | Allocations: 2926)


Started GET "/hero/index" for 127.0.0.1 at 2023-06-08 22:48:02 -0500
Processing by HeroController#index as HTML
  Rendering layout layouts/application.html.erb
  Rendering hero/index.html.erb within layouts/application
  Rendered hero/index.html.erb within layouts/application (Duration: 0.1ms | Allocations: 7)
  Rendered layouts/_navbar.html.erb (Duration: 0.1ms | Allocations: 9)
  Rendered layouts/_footer.html.erb (Duration: 0.0ms | Allocations: 8)
  Rendered layout layouts/application.html.erb (Duration: 10.0ms | Allocations: 3321)
Completed 200 OK in 12ms (Views: 11.5ms | Allocations: 3547)


Started GET "/hero/index" for 127.0.0.1 at 2023-06-08 22:48:03 -0500
Processing by HeroController#index as HTML
  Rendering layout layouts/application.html.erb
  Rendering hero/index.html.erb within layouts/application
  Rendered hero/index.html.erb within layouts/application (Duration: 0.0ms | Allocations: 7)
  Rendered layouts/_navbar.html.erb (Duration: 0.0ms | Allocations: 9)
  Rendered layouts/_footer.html.erb (Duration: 0.0ms | Allocations: 8)
  Rendered layout layouts/application.html.erb (Duration: 3.4ms | Allocations: 2682)
Completed 200 OK in 5ms (Views: 3.9ms | Allocations: 2908)


Started GET "/hero/index" for 127.0.0.1 at 2023-06-08 22:48:25 -0500
Processing by HeroController#index as HTML
  Rendering layout layouts/application.html.erb
  Rendering hero/index.html.erb within layouts/application
  Rendered hero/index.html.erb within layouts/application (Duration: 0.7ms | Allocations: 314)
  Rendered layouts/_navbar.html.erb (Duration: 0.3ms | Allocations: 193)
  Rendered layouts/_footer.html.erb (Duration: 0.2ms | Allocations: 136)
  Rendered layout layouts/application.html.erb (Duration: 252.5ms | Allocations: 26926)
Completed 200 OK in 268ms (Views: 254.8ms | ActiveRecord: 0.0ms | Allocations: 33121)


Started GET "/about/index" for 127.0.0.1 at 2023-06-08 22:48:27 -0500
Processing by AboutController#index as HTML
  Rendering layout layouts/application.html.erb
  Rendering about/index.html.erb within layouts/application
  Rendered about/index.html.erb within layouts/application (Duration: 0.6ms | Allocations: 115)
  Rendered layouts/_navbar.html.erb (Duration: 0.0ms | Allocations: 9)
  Rendered layouts/_footer.html.erb (Duration: 0.0ms | Allocations: 8)
  Rendered layout layouts/application.html.erb (Duration: 7.4ms | Allocations: 2804)
Completed 200 OK in 10ms (Views: 8.9ms | ActiveRecord: 0.0ms | Allocations: 3519)


Started GET "/hero/index" for 127.0.0.1 at 2023-06-08 22:48:28 -0500
Processing by HeroController#index as HTML
  Rendering layout layouts/application.html.erb
  Rendering hero/index.html.erb within layouts/application
  Rendered hero/index.html.erb within layouts/application (Duration: 0.0ms | Allocations: 7)
  Rendered layouts/_navbar.html.erb (Duration: 0.0ms | Allocations: 9)
  Rendered layouts/_footer.html.erb (Duration: 0.0ms | Allocations: 8)
  Rendered layout layouts/application.html.erb (Duration: 3.4ms | Allocations: 2696)
Completed 200 OK in 4ms (Views: 3.7ms | ActiveRecord: 0.0ms | Allocations: 2927)


Started GET "/projects/index" for 127.0.0.1 at 2023-06-08 22:48:29 -0500
Processing by ProjectsController#index as HTML
  Rendering layout layouts/application.html.erb
  Rendering projects/index.html.erb within layouts/application
  Rendered projects/index.html.erb within layouts/application (Duration: 0.4ms | Allocations: 116)
  Rendered layouts/_navbar.html.erb (Duration: 0.0ms | Allocations: 9)
  Rendered layouts/_footer.html.erb (Duration: 0.0ms | Allocations: 8)
  Rendered layout layouts/application.html.erb (Duration: 3.0ms | Allocations: 2804)
Completed 200 OK in 4ms (Views: 3.8ms | ActiveRecord: 0.0ms | Allocations: 3519)


Started GET "/contact/index" for 127.0.0.1 at 2023-06-08 22:48:30 -0500
Processing by ContactController#index as HTML
  Rendering layout layouts/application.html.erb
  Rendering contact/index.html.erb within layouts/application
  Rendered contact/index.html.erb within layouts/application (Duration: 0.6ms | Allocations: 115)
  Rendered layouts/_navbar.html.erb (Duration: 0.0ms | Allocations: 9)
  Rendered layouts/_footer.html.erb (Duration: 0.0ms | Allocations: 8)
  Rendered layout layouts/application.html.erb (Duration: 4.2ms | Allocations: 2792)
Completed 200 OK in 6ms (Views: 5.8ms | ActiveRecord: 0.0ms | Allocations: 3508)


Started GET "/" for 127.0.0.1 at 2023-06-08 22:48:30 -0500
Processing by HomeController#index as HTML
  Rendering layout layouts/application.html.erb
  Rendering home/index.html.erb within layouts/application
  Rendered home/index.html.erb within layouts/application (Duration: 0.4ms | Allocations: 119)
  Rendered layouts/_navbar.html.erb (Duration: 0.0ms | Allocations: 9)
  Rendered layouts/_footer.html.erb (Duration: 0.0ms | Allocations: 8)
  Rendered layout layouts/application.html.erb (Duration: 3.8ms | Allocations: 2796)
Completed 200 OK in 5ms (Views: 4.8ms | ActiveRecord: 0.0ms | Allocations: 3507)


Started GET "/hero/index" for 127.0.0.1 at 2023-06-08 22:48:31 -0500
Processing by HeroController#index as HTML
  Rendering layout layouts/application.html.erb
  Rendering hero/index.html.erb within layouts/application
  Rendered hero/index.html.erb within layouts/application (Duration: 0.0ms | Allocations: 7)
  Rendered layouts/_navbar.html.erb (Duration: 0.0ms | Allocations: 9)
  Rendered layouts/_footer.html.erb (Duration: 0.0ms | Allocations: 8)
  Rendered layout layouts/application.html.erb (Duration: 2.7ms | Allocations: 2689)
Completed 200 OK in 3ms (Views: 2.9ms | ActiveRecord: 0.0ms | Allocations: 2916)


Started GET "/about/index" for 127.0.0.1 at 2023-06-08 22:48:31 -0500
Processing by AboutController#index as HTML
  Rendering layout layouts/application.html.erb
  Rendering about/index.html.erb within layouts/application
  Rendered about/index.html.erb within layouts/application (Duration: 0.0ms | Allocations: 7)
  Rendered layouts/_navbar.html.erb (Duration: 0.0ms | Allocations: 9)
  Rendered layouts/_footer.html.erb (Duration: 0.0ms | Allocations: 8)
  Rendered layout layouts/application.html.erb (Duration: 8.0ms | Allocations: 2692)
Completed 200 OK in 14ms (Views: 13.6ms | ActiveRecord: 0.0ms | Allocations: 2919)


Started GET "/hero/index" for 127.0.0.1 at 2023-06-08 22:48:32 -0500
Processing by HeroController#index as HTML
  Rendering layout layouts/application.html.erb
  Rendering hero/index.html.erb within layouts/application
  Rendered hero/index.html.erb within layouts/application (Duration: 0.1ms | Allocations: 7)
  Rendered layouts/_navbar.html.erb (Duration: 0.0ms | Allocations: 9)
  Rendered layouts/_footer.html.erb (Duration: 0.0ms | Allocations: 8)
  Rendered layout layouts/application.html.erb (Duration: 4.0ms | Allocations: 2684)
Completed 200 OK in 7ms (Views: 7.0ms | ActiveRecord: 0.0ms | Allocations: 2910)


Started GET "/projects/index" for 127.0.0.1 at 2023-06-08 22:48:33 -0500
Processing by ProjectsController#index as HTML
  Rendering layout layouts/application.html.erb
  Rendering projects/index.html.erb within layouts/application
  Rendered projects/index.html.erb within layouts/application (Duration: 0.0ms | Allocations: 7)
  Rendered layouts/_navbar.html.erb (Duration: 0.0ms | Allocations: 9)
  Rendered layouts/_footer.html.erb (Duration: 0.0ms | Allocations: 8)
  Rendered layout layouts/application.html.erb (Duration: 12.7ms | Allocations: 2688)
Completed 200 OK in 15ms (Views: 13.8ms | ActiveRecord: 0.0ms | Allocations: 2915)


Started GET "/projects/index" for 127.0.0.1 at 2023-06-08 22:48:33 -0500
Processing by ProjectsController#index as HTML
  Rendering layout layouts/application.html.erb
  Rendering projects/index.html.erb within layouts/application
  Rendered projects/index.html.erb within layouts/application (Duration: 0.0ms | Allocations: 7)
  Rendered layouts/_navbar.html.erb (Duration: 0.0ms | Allocations: 9)
  Rendered layouts/_footer.html.erb (Duration: 0.0ms | Allocations: 8)
  Rendered layout layouts/application.html.erb (Duration: 9.0ms | Allocations: 2693)
Completed 200 OK in 11ms (Views: 10.4ms | ActiveRecord: 0.0ms | Allocations: 2919)


Started GET "/contact/index" for 127.0.0.1 at 2023-06-08 22:48:34 -0500
Processing by ContactController#index as HTML
  Rendering layout layouts/application.html.erb
  Rendering contact/index.html.erb within layouts/application
  Rendered contact/index.html.erb within layouts/application (Duration: 0.0ms | Allocations: 7)
  Rendered layouts/_navbar.html.erb (Duration: 0.0ms | Allocations: 9)
  Rendered layouts/_footer.html.erb (Duration: 0.0ms | Allocations: 8)
  Rendered layout layouts/application.html.erb (Duration: 11.4ms | Allocations: 2700)
Completed 200 OK in 14ms (Views: 13.5ms | ActiveRecord: 0.0ms | Allocations: 2927)


Started GET "/about/index" for 127.0.0.1 at 2023-06-08 22:48:34 -0500
Processing by AboutController#index as HTML
  Rendering layout layouts/application.html.erb
  Rendering about/index.html.erb within layouts/application
  Rendered about/index.html.erb within layouts/application (Duration: 0.0ms | Allocations: 7)
  Rendered layouts/_navbar.html.erb (Duration: 0.0ms | Allocations: 9)
  Rendered layouts/_footer.html.erb (Duration: 0.0ms | Allocations: 8)
  Rendered layout layouts/application.html.erb (Duration: 4.4ms | Allocations: 2677)
Completed 200 OK in 5ms (Views: 4.6ms | ActiveRecord: 0.0ms | Allocations: 2903)


Started GET "/" for 127.0.0.1 at 2023-06-08 22:48:38 -0500
Processing by HomeController#index as HTML
  Rendering layout layouts/application.html.erb
  Rendering home/index.html.erb within layouts/application
  Rendered home/index.html.erb within layouts/application (Duration: 0.0ms | Allocations: 7)
  Rendered layouts/_navbar.html.erb (Duration: 0.0ms | Allocations: 9)
  Rendered layouts/_footer.html.erb (Duration: 0.0ms | Allocations: 8)
  Rendered layout layouts/application.html.erb (Duration: 13.9ms | Allocations: 2691)
Completed 200 OK in 15ms (Views: 14.5ms | ActiveRecord: 0.0ms | Allocations: 2918)


Started GET "/" for 127.0.0.1 at 2023-06-08 22:49:05 -0500
Processing by HomeController#index as HTML
  Rendering layout layouts/application.html.erb
  Rendering home/index.html.erb within layouts/application
  Rendered home/index.html.erb within layouts/application (Duration: 0.4ms | Allocations: 117)
  Rendered layouts/_navbar.html.erb (Duration: 0.3ms | Allocations: 189)
  Rendered layouts/_footer.html.erb (Duration: 0.3ms | Allocations: 131)
  Rendered layout layouts/application.html.erb (Duration: 4.9ms | Allocations: 3497)
Completed 200 OK in 9ms (Views: 6.3ms | ActiveRecord: 0.0ms | Allocations: 4452)


Started GET "/" for 127.0.0.1 at 2023-06-08 22:49:06 -0500
Processing by HomeController#index as HTML
  Rendering layout layouts/application.html.erb
  Rendering home/index.html.erb within layouts/application
  Rendered home/index.html.erb within layouts/application (Duration: 0.0ms | Allocations: 7)
  Rendered layouts/_navbar.html.erb (Duration: 0.0ms | Allocations: 9)
  Rendered layouts/_footer.html.erb (Duration: 0.0ms | Allocations: 8)
  Rendered layout layouts/application.html.erb (Duration: 7.7ms | Allocations: 2682)
Completed 200 OK in 9ms (Views: 8.4ms | ActiveRecord: 0.0ms | Allocations: 2909)


Started GET "/about/index" for 127.0.0.1 at 2023-06-08 22:49:07 -0500
Processing by AboutController#index as HTML
  Rendering layout layouts/application.html.erb
  Rendering about/index.html.erb within layouts/application
  Rendered about/index.html.erb within layouts/application (Duration: 0.3ms | Allocations: 117)
  Rendered layouts/_navbar.html.erb (Duration: 0.0ms | Allocations: 9)
  Rendered layouts/_footer.html.erb (Duration: 0.0ms | Allocations: 8)
  Rendered layout layouts/application.html.erb (Duration: 3.6ms | Allocations: 2799)
Completed 200 OK in 12ms (Views: 11.2ms | ActiveRecord: 0.0ms | Allocations: 3508)


Started GET "/" for 127.0.0.1 at 2023-06-08 22:49:08 -0500
Processing by HomeController#index as HTML
  Rendering layout layouts/application.html.erb
  Rendering home/index.html.erb within layouts/application
  Rendered home/index.html.erb within layouts/application (Duration: 0.0ms | Allocations: 7)
  Rendered layouts/_navbar.html.erb (Duration: 0.0ms | Allocations: 9)
  Rendered layouts/_footer.html.erb (Duration: 0.0ms | Allocations: 8)
  Rendered layout layouts/application.html.erb (Duration: 7.8ms | Allocations: 2682)
Completed 200 OK in 9ms (Views: 8.4ms | ActiveRecord: 0.0ms | Allocations: 2909)


Started GET "/" for 127.0.0.1 at 2023-06-09 13:31:20 -0500
Processing by HomeController#index as HTML
  Rendering layout layouts/application.html.erb
  Rendering home/index.html.erb within layouts/application
  Rendered home/index.html.erb within layouts/application (Duration: 0.0ms | Allocations: 7)
  Rendered layouts/_navbar.html.erb (Duration: 0.0ms | Allocations: 9)
  Rendered layouts/_footer.html.erb (Duration: 0.0ms | Allocations: 8)
  Rendered layout layouts/application.html.erb (Duration: 7.9ms | Allocations: 2688)
Completed 200 OK in 8ms (Views: 8.1ms | Allocations: 2914)


Started GET "/" for 127.0.0.1 at 2023-06-29 21:11:50 -0400
Processing by HomeController#index as HTML
  Rendering layout layouts/application.html.erb
  Rendering home/index.html.erb within layouts/application
  Rendered home/index.html.erb within layouts/application (Duration: 0.9ms | Allocations: 322)
  Rendered layouts/_navbar.html.erb (Duration: 0.3ms | Allocations: 190)
  Rendered layouts/_footer.html.erb (Duration: 0.5ms | Allocations: 136)
  Rendered layout layouts/application.html.erb (Duration: 43.0ms | Allocations: 22844)
Completed 200 OK in 54ms (Views: 45.8ms | ActiveRecord: 0.0ms | Allocations: 29041)


Started GET "/about/index" for 127.0.0.1 at 2023-06-29 21:13:50 -0400
Processing by AboutController#index as HTML
  Rendering layout layouts/application.html.erb
  Rendering about/index.html.erb within layouts/application
  Rendered about/index.html.erb within layouts/application (Duration: 0.5ms | Allocations: 115)
  Rendered layouts/_navbar.html.erb (Duration: 0.0ms | Allocations: 9)
  Rendered layouts/_footer.html.erb (Duration: 0.0ms | Allocations: 8)
  Rendered layout layouts/application.html.erb (Duration: 3.5ms | Allocations: 2796)
Completed 200 OK in 5ms (Views: 4.3ms | ActiveRecord: 0.0ms | Allocations: 3512)


Started GET "/hero/index" for 127.0.0.1 at 2023-06-29 21:13:51 -0400
Processing by HeroController#index as HTML
  Rendering layout layouts/application.html.erb
  Rendering hero/index.html.erb within layouts/application
  Rendered hero/index.html.erb within layouts/application (Duration: 0.8ms | Allocations: 111)
  Rendered layouts/_navbar.html.erb (Duration: 0.0ms | Allocations: 9)
  Rendered layouts/_footer.html.erb (Duration: 0.0ms | Allocations: 8)
  Rendered layout layouts/application.html.erb (Duration: 3.5ms | Allocations: 2799)
Completed 200 OK in 5ms (Views: 4.4ms | ActiveRecord: 0.0ms | Allocations: 3514)


Started GET "/projects/index" for 127.0.0.1 at 2023-06-29 21:13:52 -0400
Processing by ProjectsController#index as HTML
  Rendering layout layouts/application.html.erb
  Rendering projects/index.html.erb within layouts/application
  Rendered projects/index.html.erb within layouts/application (Duration: 2.6ms | Allocations: 115)
  Rendered layouts/_navbar.html.erb (Duration: 0.0ms | Allocations: 9)
  Rendered layouts/_footer.html.erb (Duration: 0.0ms | Allocations: 8)
  Rendered layout layouts/application.html.erb (Duration: 5.9ms | Allocations: 2802)
Completed 200 OK in 9ms (Views: 8.2ms | ActiveRecord: 0.0ms | Allocations: 3517)


Started GET "/contact/index" for 127.0.0.1 at 2023-06-29 21:13:52 -0400
Processing by ContactController#index as HTML
  Rendering layout layouts/application.html.erb
  Rendering contact/index.html.erb within layouts/application
  Rendered contact/index.html.erb within layouts/application (Duration: 2.6ms | Allocations: 115)
  Rendered layouts/_navbar.html.erb (Duration: 0.0ms | Allocations: 9)
  Rendered layouts/_footer.html.erb (Duration: 0.0ms | Allocations: 8)
  Rendered layout layouts/application.html.erb (Duration: 9.7ms | Allocations: 2790)
Completed 200 OK in 13ms (Views: 11.8ms | ActiveRecord: 0.0ms | Allocations: 3502)


Started GET "/projects/index" for 127.0.0.1 at 2023-06-29 21:13:53 -0400
Processing by ProjectsController#index as HTML
  Rendering layout layouts/application.html.erb
  Rendering projects/index.html.erb within layouts/application
  Rendered projects/index.html.erb within layouts/application (Duration: 0.0ms | Allocations: 7)
  Rendered layouts/_navbar.html.erb (Duration: 0.0ms | Allocations: 9)
  Rendered layouts/_footer.html.erb (Duration: 0.0ms | Allocations: 8)
  Rendered layout layouts/application.html.erb (Duration: 9.3ms | Allocations: 2689)
Completed 200 OK in 10ms (Views: 9.8ms | ActiveRecord: 0.0ms | Allocations: 2919)


Started GET "/hero/index" for 127.0.0.1 at 2023-06-29 21:13:54 -0400
Processing by HeroController#index as HTML
  Rendering layout layouts/application.html.erb
  Rendering hero/index.html.erb within layouts/application
  Rendered hero/index.html.erb within layouts/application (Duration: 0.9ms | Allocations: 7)
  Rendered layouts/_navbar.html.erb (Duration: 0.0ms | Allocations: 9)
  Rendered layouts/_footer.html.erb (Duration: 0.0ms | Allocations: 8)
  Rendered layout layouts/application.html.erb (Duration: 8.7ms | Allocations: 2691)
Completed 200 OK in 10ms (Views: 9.4ms | ActiveRecord: 0.0ms | Allocations: 2918)


Started GET "/about/index" for 127.0.0.1 at 2023-06-29 21:13:54 -0400
Processing by AboutController#index as HTML
  Rendering layout layouts/application.html.erb
  Rendering about/index.html.erb within layouts/application
  Rendered about/index.html.erb within layouts/application (Duration: 0.0ms | Allocations: 7)
  Rendered layouts/_navbar.html.erb (Duration: 0.0ms | Allocations: 9)
  Rendered layouts/_footer.html.erb (Duration: 0.0ms | Allocations: 8)
  Rendered layout layouts/application.html.erb (Duration: 4.7ms | Allocations: 2690)
Completed 200 OK in 5ms (Views: 5.1ms | ActiveRecord: 0.0ms | Allocations: 2917)


Started GET "/" for 127.0.0.1 at 2023-06-29 21:13:55 -0400
Processing by HomeController#index as HTML
  Rendering layout layouts/application.html.erb
  Rendering home/index.html.erb within layouts/application
  Rendered home/index.html.erb within layouts/application (Duration: 0.0ms | Allocations: 7)
  Rendered layouts/_navbar.html.erb (Duration: 0.0ms | Allocations: 9)
  Rendered layouts/_footer.html.erb (Duration: 0.0ms | Allocations: 8)
  Rendered layout layouts/application.html.erb (Duration: 4.2ms | Allocations: 2705)
Completed 200 OK in 5ms (Views: 4.6ms | ActiveRecord: 0.0ms | Allocations: 2932)


